  main.cpp
C:\Users\rdbo\Documents\Repo\hl2sdk\hl2sdk-css\game\client\lerp_functions.h(136): error C2668: 'abs': ambiguous call to overloaded function
  C:\Program Files (x86)\Windows Kits\10\Include\10.0.19041.0\ucrt\stdlib.h(368): note: could be '__int64 abs(const __int64) throw()'
  C:\Program Files (x86)\Windows Kits\10\Include\10.0.19041.0\ucrt\stdlib.h(363): note: or       'long abs(const long) throw()'
  C:\Program Files (x86)\Windows Kits\10\Include\10.0.19041.0\ucrt\stdlib.h(293): note: or       'int abs(int)'
  C:\Users\rdbo\Documents\Repo\hl2sdk\hl2sdk-css\game\client\lerp_functions.h(136): note: while trying to match the argument list '(float)'
C:\Users\rdbo\Documents\Repo\hl2sdk\hl2sdk-css\game\client\c_basecombatcharacter.h(78): warning C4458: declaration of 'index' hides class member
  C:\Users\rdbo\Documents\Repo\hl2sdk\hl2sdk-css\game\client\c_baseentity.h(1238): note: see declaration of 'C_BaseEntity::index'
C:\Program Files (x86)\Windows Kits\10\Include\10.0.19041.0\um\processenv.h(100): warning C4005: 'GetCommandLine': macro redefinition
  C:\Users\rdbo\Documents\Repo\hl2sdk\hl2sdk-css\public\tier0\protected_things.h(185): note: see previous definition of 'GetCommandLine'
C:\Program Files (x86)\Windows Kits\10\Include\10.0.19041.0\um\handleapi.h(27): warning C4005: 'INVALID_HANDLE_VALUE': macro redefinition
  C:\Users\rdbo\Documents\Repo\hl2sdk\hl2sdk-css\common\xbox\xboxstubs.h(97): note: see previous definition of 'INVALID_HANDLE_VALUE'
C:\Program Files (x86)\Windows Kits\10\Include\10.0.19041.0\um\consoleapi.h(154): warning C4005: 'ReadConsoleInput': macro redefinition
  C:\Users\rdbo\Documents\Repo\hl2sdk\hl2sdk-css\public\tier0\protected_things.h(251): note: see previous definition of 'ReadConsoleInput'
C:\Program Files (x86)\Windows Kits\10\Include\10.0.19041.0\um\winreg.h(367): warning C4005: 'RegCreateKey': macro redefinition
  C:\Users\rdbo\Documents\Repo\hl2sdk\hl2sdk-css\public\tier0\protected_things.h(233): note: see previous definition of 'RegCreateKey'
C:\Program Files (x86)\Windows Kits\10\Include\10.0.19041.0\um\winreg.h(403): warning C4005: 'RegCreateKeyEx': macro redefinition
  C:\Users\rdbo\Documents\Repo\hl2sdk\hl2sdk-css\public\tier0\protected_things.h(227): note: see previous definition of 'RegCreateKeyEx'
C:\Program Files (x86)\Windows Kits\10\Include\10.0.19041.0\um\winreg.h(764): warning C4005: 'RegOpenKey': macro redefinition
  C:\Users\rdbo\Documents\Repo\hl2sdk\hl2sdk-css\public\tier0\protected_things.h(197): note: see previous definition of 'RegOpenKey'
C:\Program Files (x86)\Windows Kits\10\Include\10.0.19041.0\um\winreg.h(792): warning C4005: 'RegOpenKeyEx': macro redefinition
  C:\Users\rdbo\Documents\Repo\hl2sdk\hl2sdk-css\public\tier0\protected_things.h(191): note: see previous definition of 'RegOpenKeyEx'
C:\Program Files (x86)\Windows Kits\10\Include\10.0.19041.0\um\winreg.h(906): warning C4005: 'RegQueryValue': macro redefinition
  C:\Users\rdbo\Documents\Repo\hl2sdk\hl2sdk-css\public\tier0\protected_things.h(221): note: see previous definition of 'RegQueryValue'
C:\Program Files (x86)\Windows Kits\10\Include\10.0.19041.0\um\winreg.h(974): warning C4005: 'RegQueryValueEx': macro redefinition
  C:\Users\rdbo\Documents\Repo\hl2sdk\hl2sdk-css\public\tier0\protected_things.h(215): note: see previous definition of 'RegQueryValueEx'
C:\Program Files (x86)\Windows Kits\10\Include\10.0.19041.0\um\winreg.h(1099): warning C4005: 'RegSetValue': macro redefinition
  C:\Users\rdbo\Documents\Repo\hl2sdk\hl2sdk-css\public\tier0\protected_things.h(209): note: see previous definition of 'RegSetValue'
C:\Program Files (x86)\Windows Kits\10\Include\10.0.19041.0\um\winreg.h(1135): warning C4005: 'RegSetValueEx': macro redefinition
  C:\Users\rdbo\Documents\Repo\hl2sdk\hl2sdk-css\public\tier0\protected_things.h(203): note: see previous definition of 'RegSetValueEx'
